{"E:\\coding challenges\\collaborative projects\\To-do-List\\_mocks_\\testing.js": {"path":"E:\\coding challenges\\collaborative projects\\To-do-List\\_mocks_\\testing.js","statementMap":{"0":{"start":{"line":1,"column":17},"end":{"line":1,"column":148}},"1":{"start":{"line":3,"column":17},"end":{"line":11,"column":1}},"2":{"start":{"line":4,"column":20},"end":{"line":4,"column":51}},"3":{"start":{"line":5,"column":2},"end":{"line":5,"column":24}},"4":{"start":{"line":6,"column":2},"end":{"line":6,"column":26}},"5":{"start":{"line":7,"column":2},"end":{"line":7,"column":35}},"6":{"start":{"line":8,"column":2},"end":{"line":8,"column":22}},"7":{"start":{"line":9,"column":2},"end":{"line":9,"column":60}},"8":{"start":{"line":10,"column":2},"end":{"line":10,"column":19}},"9":{"start":{"line":13,"column":17},"end":{"line":27,"column":1}},"10":{"start":{"line":24,"column":17},"end":{"line":24,"column":58}},"11":{"start":{"line":24,"column":39},"end":{"line":24,"column":57}},"12":{"start":{"line":25,"column":2},"end":{"line":25,"column":26}},"13":{"start":{"line":26,"column":2},"end":{"line":26,"column":16}},"14":{"start":{"line":29,"column":15},"end":{"line":32,"column":1}},"15":{"start":{"line":30,"column":21},"end":{"line":30,"column":72}},"16":{"start":{"line":30,"column":47},"end":{"line":30,"column":71}},"17":{"start":{"line":31,"column":2},"end":{"line":31,"column":20}},"18":{"start":{"line":34,"column":0},"end":{"line":34,"column":28}},"19":{"start":{"line":35,"column":0},"end":{"line":35,"column":28}},"20":{"start":{"line":36,"column":0},"end":{"line":36,"column":28}}},"fnMap":{"0":{"name":"(anonymous_0)","decl":{"start":{"line":3,"column":17},"end":{"line":3,"column":18}},"loc":{"start":{"line":3,"column":27},"end":{"line":11,"column":1}},"line":3},"1":{"name":"(anonymous_1)","decl":{"start":{"line":13,"column":17},"end":{"line":13,"column":18}},"loc":{"start":{"line":13,"column":28},"end":{"line":27,"column":1}},"line":13},"2":{"name":"(anonymous_2)","decl":{"start":{"line":24,"column":31},"end":{"line":24,"column":32}},"loc":{"start":{"line":24,"column":39},"end":{"line":24,"column":57}},"line":24},"3":{"name":"(anonymous_3)","decl":{"start":{"line":29,"column":15},"end":{"line":29,"column":16}},"loc":{"start":{"line":29,"column":19},"end":{"line":32,"column":1}},"line":29},"4":{"name":"(anonymous_4)","decl":{"start":{"line":30,"column":37},"end":{"line":30,"column":38}},"loc":{"start":{"line":30,"column":47},"end":{"line":30,"column":71}},"line":30}},"branchMap":{},"s":{"0":1,"1":1,"2":1,"3":1,"4":1,"5":1,"6":1,"7":1,"8":1,"9":1,"10":2,"11":4,"12":2,"13":2,"14":1,"15":1,"16":3,"17":1,"18":1,"19":1,"20":1},"f":{"0":1,"1":2,"2":4,"3":1,"4":3},"b":{},"_coverageSchema":"1a1c01bbd47fc00a2c39e90264f33305004495a9","hash":"0de97def48155419a20cf8f6c1776676d99e209d"}
}
